0 info it worked if it ends with ok
1 verbose cli [ 'C:\\Users\\LUIS\\AppData\\Local\\.meteor\\packages\\meteor-tool\\1.4.1\\mt-os.windows.x86_32\\dev_bundle\\bin\\node.exe',
1 verbose cli   'C:\\Users\\LUIS\\AppData\\Local\\.meteor\\packages\\meteor-tool\\1.4.1\\mt-os.windows.x86_32\\dev_bundle\\lib\\node_modules\\npm\\bin\\npm-cli.js',
1 verbose cli   'install',
1 verbose cli   '--save',
1 verbose cli   'bcrypt' ]
2 info using npm@3.10.6
3 info using node@v4.5.0
4 silly loadCurrentTree Starting
5 silly install loadCurrentTree
6 silly install readLocalPackageData
7 silly fetchPackageMetaData bcrypt
8 silly fetchNamedPackageData bcrypt
9 silly mapToRegistry name bcrypt
10 silly mapToRegistry using default registry
11 silly mapToRegistry registry https://registry.npmjs.org/
12 silly mapToRegistry data Result {
12 silly mapToRegistry   raw: 'bcrypt',
12 silly mapToRegistry   scope: null,
12 silly mapToRegistry   escapedName: 'bcrypt',
12 silly mapToRegistry   name: 'bcrypt',
12 silly mapToRegistry   rawSpec: '',
12 silly mapToRegistry   spec: 'latest',
12 silly mapToRegistry   type: 'tag' }
13 silly mapToRegistry uri https://registry.npmjs.org/bcrypt
14 verbose request uri https://registry.npmjs.org/bcrypt
15 verbose request no auth needed
16 info attempt registry request try #1 at 9:33:18 PM
17 verbose request id 45083657e7793162
18 http request GET https://registry.npmjs.org/bcrypt
19 http 200 https://registry.npmjs.org/bcrypt
20 verbose headers { server: 'CouchDB/1.5.0 (Erlang OTP/R16B03)',
20 verbose headers   etag: '"C7PPHNNQHG2QANK95BEOGXYTK"',
20 verbose headers   'content-type': 'application/json',
20 verbose headers   'content-encoding': 'gzip',
20 verbose headers   'cache-control': 'max-age=300',
20 verbose headers   'content-length': '11835',
20 verbose headers   'accept-ranges': 'bytes',
20 verbose headers   date: 'Tue, 23 Aug 2016 02:33:23 GMT',
20 verbose headers   via: '1.1 varnish',
20 verbose headers   age: '0',
20 verbose headers   connection: 'keep-alive',
20 verbose headers   'x-served-by': 'cache-gru7127-GRU',
20 verbose headers   'x-cache': 'HIT',
20 verbose headers   'x-cache-hits': '1',
20 verbose headers   'x-timer': 'S1471919603.033999,VS0,VE621',
20 verbose headers   vary: 'Accept-Encoding' }
21 silly get cb [ 200,
21 silly get   { server: 'CouchDB/1.5.0 (Erlang OTP/R16B03)',
21 silly get     etag: '"C7PPHNNQHG2QANK95BEOGXYTK"',
21 silly get     'content-type': 'application/json',
21 silly get     'content-encoding': 'gzip',
21 silly get     'cache-control': 'max-age=300',
21 silly get     'content-length': '11835',
21 silly get     'accept-ranges': 'bytes',
21 silly get     date: 'Tue, 23 Aug 2016 02:33:23 GMT',
21 silly get     via: '1.1 varnish',
21 silly get     age: '0',
21 silly get     connection: 'keep-alive',
21 silly get     'x-served-by': 'cache-gru7127-GRU',
21 silly get     'x-cache': 'HIT',
21 silly get     'x-cache-hits': '1',
21 silly get     'x-timer': 'S1471919603.033999,VS0,VE621',
21 silly get     vary: 'Accept-Encoding' } ]
22 verbose get saving bcrypt to C:\Users\LUIS\AppData\Roaming\npm-cache\registry.npmjs.org\bcrypt\.cache.json
23 verbose correctMkdir C:\Users\LUIS\AppData\Roaming\npm-cache correctMkdir not in flight; initializing
24 silly install normalizeTree
25 silly loadCurrentTree Finishing
26 silly loadIdealTree Starting
27 silly install loadIdealTree
28 silly cloneCurrentTree Starting
29 silly install cloneCurrentTreeToIdealTree
30 silly cloneCurrentTree Finishing
31 silly loadShrinkwrap Starting
32 silly install loadShrinkwrap
33 silly loadShrinkwrap Finishing
34 silly loadAllDepsIntoIdealTree Starting
35 silly install loadAllDepsIntoIdealTree
36 silly resolveWithNewModule bcrypt@0.8.7 checking installable status
37 silly cache add args [ 'bcrypt', null ]
38 verbose cache add spec bcrypt
39 silly cache add parsed spec Result {
39 silly cache add   raw: 'bcrypt',
39 silly cache add   scope: null,
39 silly cache add   escapedName: 'bcrypt',
39 silly cache add   name: 'bcrypt',
39 silly cache add   rawSpec: '',
39 silly cache add   spec: 'latest',
39 silly cache add   type: 'tag' }
40 silly addNamed bcrypt@latest
41 verbose addNamed "latest" is being treated as a dist-tag for bcrypt
42 info addNameTag [ 'bcrypt', 'latest' ]
43 silly mapToRegistry name bcrypt
44 silly mapToRegistry using default registry
45 silly mapToRegistry registry https://registry.npmjs.org/
46 silly mapToRegistry data Result {
46 silly mapToRegistry   raw: 'bcrypt',
46 silly mapToRegistry   scope: null,
46 silly mapToRegistry   escapedName: 'bcrypt',
46 silly mapToRegistry   name: 'bcrypt',
46 silly mapToRegistry   rawSpec: '',
46 silly mapToRegistry   spec: 'latest',
46 silly mapToRegistry   type: 'tag' }
47 silly mapToRegistry uri https://registry.npmjs.org/bcrypt
48 verbose addNameTag registry:https://registry.npmjs.org/bcrypt not in flight; fetching
49 verbose get https://registry.npmjs.org/bcrypt not expired, no request
50 silly addNameTag next cb for bcrypt with tag latest
51 silly addNamed bcrypt@0.8.7
52 verbose addNamed "0.8.7" is a plain semver version for bcrypt
53 silly mapToRegistry name bcrypt
54 silly mapToRegistry using default registry
55 silly mapToRegistry registry https://registry.npmjs.org/
56 silly mapToRegistry data Result {
56 silly mapToRegistry   raw: 'bcrypt',
56 silly mapToRegistry   scope: null,
56 silly mapToRegistry   escapedName: 'bcrypt',
56 silly mapToRegistry   name: 'bcrypt',
56 silly mapToRegistry   rawSpec: '',
56 silly mapToRegistry   spec: 'latest',
56 silly mapToRegistry   type: 'tag' }
57 silly mapToRegistry uri https://registry.npmjs.org/bcrypt
58 verbose addRemoteTarball https://registry.npmjs.org/bcrypt/-/bcrypt-0.8.7.tgz not in flight; adding
59 verbose addRemoteTarball [ 'https://registry.npmjs.org/bcrypt/-/bcrypt-0.8.7.tgz',
59 verbose addRemoteTarball   'bc3875a9afd0a7b2cd231a6a7f218a5ce156b093' ]
60 info retry fetch attempt 1 at 9:33:20 PM
61 info attempt registry request try #1 at 9:33:20 PM
62 http fetch GET https://registry.npmjs.org/bcrypt/-/bcrypt-0.8.7.tgz
63 http fetch 200 https://registry.npmjs.org/bcrypt/-/bcrypt-0.8.7.tgz
64 silly fetchAndShaCheck shasum bc3875a9afd0a7b2cd231a6a7f218a5ce156b093
65 verbose addTmpTarball C:\Users\LUIS\AppData\Local\Temp\npm-7384-e4ec4319\registry.npmjs.org\bcrypt\-\bcrypt-0.8.7.tgz not in flight; adding
66 verbose addTmpTarball already have metadata; skipping unpack for bcrypt@0.8.7
67 verbose correctMkdir C:\Users\LUIS\AppData\Roaming\npm-cache correctMkdir not in flight; initializing
68 silly cache afterAdd bcrypt@0.8.7
69 verbose afterAdd C:\Users\LUIS\AppData\Roaming\npm-cache\bcrypt\0.8.7\package\package.json not in flight; writing
70 verbose correctMkdir C:\Users\LUIS\AppData\Roaming\npm-cache correctMkdir not in flight; initializing
71 verbose afterAdd C:\Users\LUIS\AppData\Roaming\npm-cache\bcrypt\0.8.7\package\package.json written
72 silly fetchNamedPackageData bindings
73 silly mapToRegistry name bindings
74 silly mapToRegistry using default registry
75 silly mapToRegistry registry https://registry.npmjs.org/
76 silly mapToRegistry data Result {
76 silly mapToRegistry   raw: 'bindings',
76 silly mapToRegistry   scope: null,
76 silly mapToRegistry   escapedName: 'bindings',
76 silly mapToRegistry   name: 'bindings',
76 silly mapToRegistry   rawSpec: '',
76 silly mapToRegistry   spec: 'latest',
76 silly mapToRegistry   type: 'tag' }
77 silly mapToRegistry uri https://registry.npmjs.org/bindings
78 silly fetchNamedPackageData nan
79 silly mapToRegistry name nan
80 silly mapToRegistry using default registry
81 silly mapToRegistry registry https://registry.npmjs.org/
82 silly mapToRegistry data Result {
82 silly mapToRegistry   raw: 'nan',
82 silly mapToRegistry   scope: null,
82 silly mapToRegistry   escapedName: 'nan',
82 silly mapToRegistry   name: 'nan',
82 silly mapToRegistry   rawSpec: '',
82 silly mapToRegistry   spec: 'latest',
82 silly mapToRegistry   type: 'tag' }
83 silly mapToRegistry uri https://registry.npmjs.org/nan
84 verbose request uri https://registry.npmjs.org/nan
85 verbose request no auth needed
86 info attempt registry request try #1 at 9:33:20 PM
87 verbose etag "CWMZR9BQ6YD6KL99MGG0CU5U5"
88 http request GET https://registry.npmjs.org/nan
89 verbose request uri https://registry.npmjs.org/bindings
90 verbose request no auth needed
91 info attempt registry request try #1 at 9:33:20 PM
92 verbose etag "ADMJ9SS6EQD8EASND8DTMLB6V"
93 http request GET https://registry.npmjs.org/bindings
94 http 200 https://registry.npmjs.org/nan
95 verbose headers { server: 'CouchDB/1.6.1 (Erlang OTP/R16B03)',
95 verbose headers   etag: '"EGTR1APXEV7TH8V3QYT0WN357"',
95 verbose headers   'content-type': 'application/json',
95 verbose headers   'content-encoding': 'gzip',
95 verbose headers   'cache-control': 'max-age=300',
95 verbose headers   'content-length': '17128',
95 verbose headers   'accept-ranges': 'bytes',
95 verbose headers   date: 'Tue, 23 Aug 2016 02:33:24 GMT',
95 verbose headers   via: '1.1 varnish',
95 verbose headers   age: '50',
95 verbose headers   connection: 'keep-alive',
95 verbose headers   'x-served-by': 'cache-gru7127-GRU',
95 verbose headers   'x-cache': 'HIT',
95 verbose headers   'x-cache-hits': '2',
95 verbose headers   'x-timer': 'S1471919604.337647,VS0,VE0',
95 verbose headers   vary: 'Accept-Encoding' }
96 silly get cb [ 200,
96 silly get   { server: 'CouchDB/1.6.1 (Erlang OTP/R16B03)',
96 silly get     etag: '"EGTR1APXEV7TH8V3QYT0WN357"',
96 silly get     'content-type': 'application/json',
96 silly get     'content-encoding': 'gzip',
96 silly get     'cache-control': 'max-age=300',
96 silly get     'content-length': '17128',
96 silly get     'accept-ranges': 'bytes',
96 silly get     date: 'Tue, 23 Aug 2016 02:33:24 GMT',
96 silly get     via: '1.1 varnish',
96 silly get     age: '50',
96 silly get     connection: 'keep-alive',
96 silly get     'x-served-by': 'cache-gru7127-GRU',
96 silly get     'x-cache': 'HIT',
96 silly get     'x-cache-hits': '2',
96 silly get     'x-timer': 'S1471919604.337647,VS0,VE0',
96 silly get     vary: 'Accept-Encoding' } ]
97 verbose get saving nan to C:\Users\LUIS\AppData\Roaming\npm-cache\registry.npmjs.org\nan\.cache.json
98 verbose correctMkdir C:\Users\LUIS\AppData\Roaming\npm-cache correctMkdir not in flight; initializing
99 silly resolveWithNewModule nan@2.3.5 checking installable status
100 silly cache add args [ 'nan@2.3.5', null ]
101 verbose cache add spec nan@2.3.5
102 silly cache add parsed spec Result {
102 silly cache add   raw: 'nan@2.3.5',
102 silly cache add   scope: null,
102 silly cache add   escapedName: 'nan',
102 silly cache add   name: 'nan',
102 silly cache add   rawSpec: '2.3.5',
102 silly cache add   spec: '2.3.5',
102 silly cache add   type: 'version' }
103 silly addNamed nan@2.3.5
104 verbose addNamed "2.3.5" is a plain semver version for nan
105 silly mapToRegistry name nan
106 silly mapToRegistry using default registry
107 silly mapToRegistry registry https://registry.npmjs.org/
108 silly mapToRegistry data Result {
108 silly mapToRegistry   raw: 'nan',
108 silly mapToRegistry   scope: null,
108 silly mapToRegistry   escapedName: 'nan',
108 silly mapToRegistry   name: 'nan',
108 silly mapToRegistry   rawSpec: '',
108 silly mapToRegistry   spec: 'latest',
108 silly mapToRegistry   type: 'tag' }
109 silly mapToRegistry uri https://registry.npmjs.org/nan
110 verbose addNameVersion registry:https://registry.npmjs.org/nan not in flight; fetching
111 verbose get https://registry.npmjs.org/nan not expired, no request
112 silly mapToRegistry name nan
113 silly mapToRegistry using default registry
114 silly mapToRegistry registry https://registry.npmjs.org/
115 silly mapToRegistry data Result {
115 silly mapToRegistry   raw: 'nan',
115 silly mapToRegistry   scope: null,
115 silly mapToRegistry   escapedName: 'nan',
115 silly mapToRegistry   name: 'nan',
115 silly mapToRegistry   rawSpec: '',
115 silly mapToRegistry   spec: 'latest',
115 silly mapToRegistry   type: 'tag' }
116 silly mapToRegistry uri https://registry.npmjs.org/nan
117 verbose addRemoteTarball https://registry.npmjs.org/nan/-/nan-2.3.5.tgz not in flight; adding
118 verbose addRemoteTarball [ 'https://registry.npmjs.org/nan/-/nan-2.3.5.tgz',
118 verbose addRemoteTarball   '822a0dc266290ce4cd3a12282ca3e7e364668a08' ]
119 info retry fetch attempt 1 at 9:33:20 PM
120 info attempt registry request try #1 at 9:33:20 PM
121 http fetch GET https://registry.npmjs.org/nan/-/nan-2.3.5.tgz
122 http fetch 200 https://registry.npmjs.org/nan/-/nan-2.3.5.tgz
123 http 200 https://registry.npmjs.org/bindings
124 verbose headers { server: 'CouchDB/1.5.0 (Erlang OTP/R16B03)',
124 verbose headers   etag: '"33TX4J3DNTGF7K41ZUV6OA182"',
124 verbose headers   'content-type': 'application/json',
124 verbose headers   'content-encoding': 'gzip',
124 verbose headers   'cache-control': 'max-age=300',
124 verbose headers   'content-length': '3804',
124 verbose headers   'accept-ranges': 'bytes',
124 verbose headers   date: 'Tue, 23 Aug 2016 02:33:24 GMT',
124 verbose headers   via: '1.1 varnish',
124 verbose headers   age: '225',
124 verbose headers   connection: 'keep-alive',
124 verbose headers   'x-served-by': 'cache-gru7123-GRU',
124 verbose headers   'x-cache': 'HIT',
124 verbose headers   'x-cache-hits': '1',
124 verbose headers   'x-timer': 'S1471919604.587516,VS0,VE0',
124 verbose headers   vary: 'Accept-Encoding' }
125 silly get cb [ 200,
125 silly get   { server: 'CouchDB/1.5.0 (Erlang OTP/R16B03)',
125 silly get     etag: '"33TX4J3DNTGF7K41ZUV6OA182"',
125 silly get     'content-type': 'application/json',
125 silly get     'content-encoding': 'gzip',
125 silly get     'cache-control': 'max-age=300',
125 silly get     'content-length': '3804',
125 silly get     'accept-ranges': 'bytes',
125 silly get     date: 'Tue, 23 Aug 2016 02:33:24 GMT',
125 silly get     via: '1.1 varnish',
125 silly get     age: '225',
125 silly get     connection: 'keep-alive',
125 silly get     'x-served-by': 'cache-gru7123-GRU',
125 silly get     'x-cache': 'HIT',
125 silly get     'x-cache-hits': '1',
125 silly get     'x-timer': 'S1471919604.587516,VS0,VE0',
125 silly get     vary: 'Accept-Encoding' } ]
126 verbose get saving bindings to C:\Users\LUIS\AppData\Roaming\npm-cache\registry.npmjs.org\bindings\.cache.json
127 verbose correctMkdir C:\Users\LUIS\AppData\Roaming\npm-cache correctMkdir not in flight; initializing
128 silly resolveWithNewModule bindings@1.2.1 checking installable status
129 silly cache add args [ 'bindings@1.2.1', null ]
130 verbose cache add spec bindings@1.2.1
131 silly cache add parsed spec Result {
131 silly cache add   raw: 'bindings@1.2.1',
131 silly cache add   scope: null,
131 silly cache add   escapedName: 'bindings',
131 silly cache add   name: 'bindings',
131 silly cache add   rawSpec: '1.2.1',
131 silly cache add   spec: '1.2.1',
131 silly cache add   type: 'version' }
132 silly addNamed bindings@1.2.1
133 verbose addNamed "1.2.1" is a plain semver version for bindings
134 silly mapToRegistry name bindings
135 silly mapToRegistry using default registry
136 silly mapToRegistry registry https://registry.npmjs.org/
137 silly mapToRegistry data Result {
137 silly mapToRegistry   raw: 'bindings',
137 silly mapToRegistry   scope: null,
137 silly mapToRegistry   escapedName: 'bindings',
137 silly mapToRegistry   name: 'bindings',
137 silly mapToRegistry   rawSpec: '',
137 silly mapToRegistry   spec: 'latest',
137 silly mapToRegistry   type: 'tag' }
138 silly mapToRegistry uri https://registry.npmjs.org/bindings
139 verbose addNameVersion registry:https://registry.npmjs.org/bindings not in flight; fetching
140 verbose get https://registry.npmjs.org/bindings not expired, no request
141 silly cache afterAdd bindings@1.2.1
142 verbose afterAdd C:\Users\LUIS\AppData\Roaming\npm-cache\bindings\1.2.1\package\package.json not in flight; writing
143 verbose correctMkdir C:\Users\LUIS\AppData\Roaming\npm-cache correctMkdir not in flight; initializing
144 verbose afterAdd C:\Users\LUIS\AppData\Roaming\npm-cache\bindings\1.2.1\package\package.json written
145 silly fetchAndShaCheck shasum 822a0dc266290ce4cd3a12282ca3e7e364668a08
146 verbose addTmpTarball C:\Users\LUIS\AppData\Local\Temp\npm-7384-e4ec4319\registry.npmjs.org\nan\-\nan-2.3.5.tgz not in flight; adding
147 verbose addTmpTarball already have metadata; skipping unpack for nan@2.3.5
148 verbose correctMkdir C:\Users\LUIS\AppData\Roaming\npm-cache correctMkdir not in flight; initializing
149 silly cache afterAdd nan@2.3.5
150 verbose afterAdd C:\Users\LUIS\AppData\Roaming\npm-cache\nan\2.3.5\package\package.json not in flight; writing
151 verbose correctMkdir C:\Users\LUIS\AppData\Roaming\npm-cache correctMkdir not in flight; initializing
152 verbose afterAdd C:\Users\LUIS\AppData\Roaming\npm-cache\nan\2.3.5\package\package.json written
153 silly loadAllDepsIntoIdealTree Finishing
154 silly loadIdealTree Finishing
155 silly currentTree pokelist@
155 silly currentTree +-- asap@2.0.4
155 silly currentTree +-- core-js@1.2.7
155 silly currentTree +-- encoding@0.1.12
155 silly currentTree +-- fbjs@0.8.4
155 silly currentTree +-- iconv-lite@0.4.13
155 silly currentTree +-- immutable@3.8.1
155 silly currentTree +-- is-stream@1.1.0
155 silly currentTree +-- isomorphic-fetch@2.2.1
155 silly currentTree +-- js-tokens@1.0.3
155 silly currentTree +-- loose-envify@1.2.0
155 silly currentTree +-- meteor-node-stubs@0.2.3
155 silly currentTree | +-- assert@1.3.0
155 silly currentTree | +-- browserify-zlib@0.1.4
155 silly currentTree | | `-- pako@0.2.8
155 silly currentTree | +-- buffer@4.5.1
155 silly currentTree | | +-- base64-js@1.1.2
155 silly currentTree | | +-- ieee754@1.1.6
155 silly currentTree | | `-- isarray@1.0.0
155 silly currentTree | +-- console-browserify@1.1.0
155 silly currentTree | | `-- date-now@0.1.4
155 silly currentTree | +-- constants-browserify@1.0.0
155 silly currentTree | +-- crypto-browserify@3.11.0
155 silly currentTree | | +-- browserify-cipher@1.0.0
155 silly currentTree | | | +-- browserify-aes@1.0.6
155 silly currentTree | | | | +-- buffer-xor@1.0.3
155 silly currentTree | | | | `-- cipher-base@1.0.2
155 silly currentTree | | | +-- browserify-des@1.0.0
155 silly currentTree | | | | +-- cipher-base@1.0.2
155 silly currentTree | | | | `-- des.js@1.0.0
155 silly currentTree | | | |   `-- minimalistic-assert@1.0.0
155 silly currentTree | | | `-- evp_bytestokey@1.0.0
155 silly currentTree | | +-- browserify-sign@4.0.0
155 silly currentTree | | | +-- bn.js@4.11.1
155 silly currentTree | | | +-- browserify-rsa@4.0.1
155 silly currentTree | | | +-- elliptic@6.2.3
155 silly currentTree | | | | +-- brorand@1.0.5
155 silly currentTree | | | | `-- hash.js@1.0.3
155 silly currentTree | | | `-- parse-asn1@5.0.0
155 silly currentTree | | |   +-- asn1.js@4.5.2
155 silly currentTree | | |   | `-- minimalistic-assert@1.0.0
155 silly currentTree | | |   +-- browserify-aes@1.0.6
155 silly currentTree | | |   | +-- buffer-xor@1.0.3
155 silly currentTree | | |   | `-- cipher-base@1.0.2
155 silly currentTree | | |   `-- evp_bytestokey@1.0.0
155 silly currentTree | | +-- create-ecdh@4.0.0
155 silly currentTree | | | +-- bn.js@4.11.1
155 silly currentTree | | | `-- elliptic@6.2.3
155 silly currentTree | | |   +-- brorand@1.0.5
155 silly currentTree | | |   `-- hash.js@1.0.3
155 silly currentTree | | +-- create-hash@1.1.2
155 silly currentTree | | | +-- cipher-base@1.0.2
155 silly currentTree | | | +-- ripemd160@1.0.1
155 silly currentTree | | | `-- sha.js@2.4.5
155 silly currentTree | | +-- create-hmac@1.1.4
155 silly currentTree | | +-- diffie-hellman@5.0.2
155 silly currentTree | | | +-- bn.js@4.11.1
155 silly currentTree | | | `-- miller-rabin@4.0.0
155 silly currentTree | | |   `-- brorand@1.0.5
155 silly currentTree | | +-- inherits@2.0.1
155 silly currentTree | | +-- pbkdf2@3.0.4
155 silly currentTree | | +-- public-encrypt@4.0.0
155 silly currentTree | | | +-- bn.js@4.11.1
155 silly currentTree | | | +-- browserify-rsa@4.0.1
155 silly currentTree | | | `-- parse-asn1@5.0.0
155 silly currentTree | | |   +-- asn1.js@4.5.2
155 silly currentTree | | |   | `-- minimalistic-assert@1.0.0
155 silly currentTree | | |   +-- browserify-aes@1.0.6
155 silly currentTree | | |   | +-- buffer-xor@1.0.3
155 silly currentTree | | |   | `-- cipher-base@1.0.2
155 silly currentTree | | |   `-- evp_bytestokey@1.0.0
155 silly currentTree | | `-- randombytes@2.0.3
155 silly currentTree | +-- domain-browser@1.1.7
155 silly currentTree | +-- events@1.1.0
155 silly currentTree | +-- http-browserify@1.7.0
155 silly currentTree | | +-- Base64@0.2.1
155 silly currentTree | | `-- inherits@2.0.1
155 silly currentTree | +-- https-browserify@0.0.1
155 silly currentTree | +-- os-browserify@0.2.1
155 silly currentTree | +-- path-browserify@0.0.0
155 silly currentTree | +-- process@0.11.2
155 silly currentTree | +-- punycode@1.4.1
155 silly currentTree | +-- querystring-es3@0.2.1
155 silly currentTree | +-- readable-stream@2.0.6
155 silly currentTree | | +-- core-util-is@1.0.2
155 silly currentTree | | +-- inherits@2.0.1
155 silly currentTree | | +-- isarray@1.0.0
155 silly currentTree | | +-- process-nextick-args@1.0.6
155 silly currentTree | | `-- util-deprecate@1.0.2
155 silly currentTree | +-- stream-browserify@2.0.1
155 silly currentTree | | `-- inherits@2.0.1
155 silly currentTree | +-- string_decoder@0.10.31
155 silly currentTree | +-- timers-browserify@1.4.2
155 silly currentTree | +-- tty-browserify@0.0.0
155 silly currentTree | +-- url@0.11.0
155 silly currentTree | | +-- punycode@1.3.2
155 silly currentTree | | `-- querystring@0.2.0
155 silly currentTree | +-- util@0.10.3
155 silly currentTree | | `-- inherits@2.0.1
155 silly currentTree | `-- vm-browserify@0.0.4
155 silly currentTree |   `-- indexof@0.0.1
155 silly currentTree +-- node-fetch@1.6.0
155 silly currentTree +-- object-assign@4.1.0
155 silly currentTree +-- promise@7.1.1
155 silly currentTree +-- react-addons-pure-render-mixin@15.3.1
155 silly currentTree +-- react-dom@15.3.1
155 silly currentTree +-- react@15.3.1
155 silly currentTree +-- ua-parser-js@0.7.10
155 silly currentTree `-- whatwg-fetch@1.0.0
156 silly idealTree pokelist@
156 silly idealTree +-- asap@2.0.4
156 silly idealTree +-- bcrypt@0.8.7
156 silly idealTree +-- bindings@1.2.1
156 silly idealTree +-- core-js@1.2.7
156 silly idealTree +-- encoding@0.1.12
156 silly idealTree +-- fbjs@0.8.4
156 silly idealTree +-- iconv-lite@0.4.13
156 silly idealTree +-- immutable@3.8.1
156 silly idealTree +-- is-stream@1.1.0
156 silly idealTree +-- isomorphic-fetch@2.2.1
156 silly idealTree +-- js-tokens@1.0.3
156 silly idealTree +-- loose-envify@1.2.0
156 silly idealTree +-- meteor-node-stubs@0.2.3
156 silly idealTree | +-- assert@1.3.0
156 silly idealTree | +-- browserify-zlib@0.1.4
156 silly idealTree | | `-- pako@0.2.8
156 silly idealTree | +-- buffer@4.5.1
156 silly idealTree | | +-- base64-js@1.1.2
156 silly idealTree | | +-- ieee754@1.1.6
156 silly idealTree | | `-- isarray@1.0.0
156 silly idealTree | +-- console-browserify@1.1.0
156 silly idealTree | | `-- date-now@0.1.4
156 silly idealTree | +-- constants-browserify@1.0.0
156 silly idealTree | +-- crypto-browserify@3.11.0
156 silly idealTree | | +-- browserify-cipher@1.0.0
156 silly idealTree | | | +-- browserify-aes@1.0.6
156 silly idealTree | | | | +-- buffer-xor@1.0.3
156 silly idealTree | | | | `-- cipher-base@1.0.2
156 silly idealTree | | | +-- browserify-des@1.0.0
156 silly idealTree | | | | +-- cipher-base@1.0.2
156 silly idealTree | | | | `-- des.js@1.0.0
156 silly idealTree | | | |   `-- minimalistic-assert@1.0.0
156 silly idealTree | | | `-- evp_bytestokey@1.0.0
156 silly idealTree | | +-- browserify-sign@4.0.0
156 silly idealTree | | | +-- bn.js@4.11.1
156 silly idealTree | | | +-- browserify-rsa@4.0.1
156 silly idealTree | | | +-- elliptic@6.2.3
156 silly idealTree | | | | +-- brorand@1.0.5
156 silly idealTree | | | | `-- hash.js@1.0.3
156 silly idealTree | | | `-- parse-asn1@5.0.0
156 silly idealTree | | |   +-- asn1.js@4.5.2
156 silly idealTree | | |   | `-- minimalistic-assert@1.0.0
156 silly idealTree | | |   +-- browserify-aes@1.0.6
156 silly idealTree | | |   | +-- buffer-xor@1.0.3
156 silly idealTree | | |   | `-- cipher-base@1.0.2
156 silly idealTree | | |   `-- evp_bytestokey@1.0.0
156 silly idealTree | | +-- create-ecdh@4.0.0
156 silly idealTree | | | +-- bn.js@4.11.1
156 silly idealTree | | | `-- elliptic@6.2.3
156 silly idealTree | | |   +-- brorand@1.0.5
156 silly idealTree | | |   `-- hash.js@1.0.3
156 silly idealTree | | +-- create-hash@1.1.2
156 silly idealTree | | | +-- cipher-base@1.0.2
156 silly idealTree | | | +-- ripemd160@1.0.1
156 silly idealTree | | | `-- sha.js@2.4.5
156 silly idealTree | | +-- create-hmac@1.1.4
156 silly idealTree | | +-- diffie-hellman@5.0.2
156 silly idealTree | | | +-- bn.js@4.11.1
156 silly idealTree | | | `-- miller-rabin@4.0.0
156 silly idealTree | | |   `-- brorand@1.0.5
156 silly idealTree | | +-- inherits@2.0.1
156 silly idealTree | | +-- pbkdf2@3.0.4
156 silly idealTree | | +-- public-encrypt@4.0.0
156 silly idealTree | | | +-- bn.js@4.11.1
156 silly idealTree | | | +-- browserify-rsa@4.0.1
156 silly idealTree | | | `-- parse-asn1@5.0.0
156 silly idealTree | | |   +-- asn1.js@4.5.2
156 silly idealTree | | |   | `-- minimalistic-assert@1.0.0
156 silly idealTree | | |   +-- browserify-aes@1.0.6
156 silly idealTree | | |   | +-- buffer-xor@1.0.3
156 silly idealTree | | |   | `-- cipher-base@1.0.2
156 silly idealTree | | |   `-- evp_bytestokey@1.0.0
156 silly idealTree | | `-- randombytes@2.0.3
156 silly idealTree | +-- domain-browser@1.1.7
156 silly idealTree | +-- events@1.1.0
156 silly idealTree | +-- http-browserify@1.7.0
156 silly idealTree | | +-- Base64@0.2.1
156 silly idealTree | | `-- inherits@2.0.1
156 silly idealTree | +-- https-browserify@0.0.1
156 silly idealTree | +-- os-browserify@0.2.1
156 silly idealTree | +-- path-browserify@0.0.0
156 silly idealTree | +-- process@0.11.2
156 silly idealTree | +-- punycode@1.4.1
156 silly idealTree | +-- querystring-es3@0.2.1
156 silly idealTree | +-- readable-stream@2.0.6
156 silly idealTree | | +-- core-util-is@1.0.2
156 silly idealTree | | +-- inherits@2.0.1
156 silly idealTree | | +-- isarray@1.0.0
156 silly idealTree | | +-- process-nextick-args@1.0.6
156 silly idealTree | | `-- util-deprecate@1.0.2
156 silly idealTree | +-- stream-browserify@2.0.1
156 silly idealTree | | `-- inherits@2.0.1
156 silly idealTree | +-- string_decoder@0.10.31
156 silly idealTree | +-- timers-browserify@1.4.2
156 silly idealTree | +-- tty-browserify@0.0.0
156 silly idealTree | +-- url@0.11.0
156 silly idealTree | | +-- punycode@1.3.2
156 silly idealTree | | `-- querystring@0.2.0
156 silly idealTree | +-- util@0.10.3
156 silly idealTree | | `-- inherits@2.0.1
156 silly idealTree | `-- vm-browserify@0.0.4
156 silly idealTree |   `-- indexof@0.0.1
156 silly idealTree +-- nan@2.3.5
156 silly idealTree +-- node-fetch@1.6.0
156 silly idealTree +-- object-assign@4.1.0
156 silly idealTree +-- promise@7.1.1
156 silly idealTree +-- react-addons-pure-render-mixin@15.3.1
156 silly idealTree +-- react-dom@15.3.1
156 silly idealTree +-- react@15.3.1
156 silly idealTree +-- ua-parser-js@0.7.10
156 silly idealTree `-- whatwg-fetch@1.0.0
157 silly generateActionsToTake Starting
158 silly install generateActionsToTake
159 silly generateActionsToTake Finishing
160 silly diffTrees action count 3
161 silly diffTrees add bindings@1.2.1
162 silly diffTrees add nan@2.3.5
163 silly diffTrees add bcrypt@0.8.7
164 silly decomposeActions action count 24
165 silly decomposeActions fetch bindings@1.2.1
166 silly decomposeActions extract bindings@1.2.1
167 silly decomposeActions test bindings@1.2.1
168 silly decomposeActions preinstall bindings@1.2.1
169 silly decomposeActions build bindings@1.2.1
170 silly decomposeActions install bindings@1.2.1
171 silly decomposeActions postinstall bindings@1.2.1
172 silly decomposeActions finalize bindings@1.2.1
173 silly decomposeActions fetch nan@2.3.5
174 silly decomposeActions extract nan@2.3.5
175 silly decomposeActions test nan@2.3.5
176 silly decomposeActions preinstall nan@2.3.5
177 silly decomposeActions build nan@2.3.5
178 silly decomposeActions install nan@2.3.5
179 silly decomposeActions postinstall nan@2.3.5
180 silly decomposeActions finalize nan@2.3.5
181 silly decomposeActions fetch bcrypt@0.8.7
182 silly decomposeActions extract bcrypt@0.8.7
183 silly decomposeActions test bcrypt@0.8.7
184 silly decomposeActions preinstall bcrypt@0.8.7
185 silly decomposeActions build bcrypt@0.8.7
186 silly decomposeActions install bcrypt@0.8.7
187 silly decomposeActions postinstall bcrypt@0.8.7
188 silly decomposeActions finalize bcrypt@0.8.7
189 silly executeActions Starting
190 silly install executeActions
191 silly doSerial global-install 0
192 silly doParallel fetch 3
193 verbose correctMkdir C:\Users\LUIS\AppData\Roaming\npm-cache\_locks correctMkdir not in flight; initializing
194 verbose lock using C:\Users\LUIS\AppData\Roaming\npm-cache\_locks\staging-6d3a20dc605fb7bb.lock for C:\Users\LUIS\Desktop\Meteor Playground\meteor-react-example-noob\node_modules\.staging
195 silly doParallel extract 3
196 silly extract bindings@1.2.1
197 silly extract nan@2.3.5
198 silly extract bcrypt@0.8.7
199 verbose unbuild node_modules\.staging\bindings-2c3821a4
200 verbose unbuild node_modules\.staging\nan-1e921d43
201 verbose unbuild node_modules\.staging\bcrypt-e9519466
202 silly gentlyRm C:\Users\LUIS\Desktop\Meteor Playground\meteor-react-example-noob\node_modules\.staging\bindings-2c3821a4 is being purged from base C:\Users\LUIS\Desktop\Meteor Playground\meteor-react-example-noob
203 verbose gentlyRm don't care about contents; nuking C:\Users\LUIS\Desktop\Meteor Playground\meteor-react-example-noob\node_modules\.staging\bindings-2c3821a4
204 silly gentlyRm C:\Users\LUIS\Desktop\Meteor Playground\meteor-react-example-noob\node_modules\.staging\nan-1e921d43 is being purged from base C:\Users\LUIS\Desktop\Meteor Playground\meteor-react-example-noob
205 verbose gentlyRm don't care about contents; nuking C:\Users\LUIS\Desktop\Meteor Playground\meteor-react-example-noob\node_modules\.staging\nan-1e921d43
206 verbose tar unpack C:\Users\LUIS\AppData\Roaming\npm-cache\bindings\1.2.1\package.tgz
207 verbose tar unpacking to C:\Users\LUIS\Desktop\Meteor Playground\meteor-react-example-noob\node_modules\.staging\bindings-2c3821a4
208 silly gentlyRm C:\Users\LUIS\Desktop\Meteor Playground\meteor-react-example-noob\node_modules\.staging\bindings-2c3821a4 is being purged
209 verbose gentlyRm don't care about contents; nuking C:\Users\LUIS\Desktop\Meteor Playground\meteor-react-example-noob\node_modules\.staging\bindings-2c3821a4
210 verbose tar unpack C:\Users\LUIS\AppData\Roaming\npm-cache\nan\2.3.5\package.tgz
211 verbose tar unpacking to C:\Users\LUIS\Desktop\Meteor Playground\meteor-react-example-noob\node_modules\.staging\nan-1e921d43
212 silly gentlyRm C:\Users\LUIS\Desktop\Meteor Playground\meteor-react-example-noob\node_modules\.staging\nan-1e921d43 is being purged
213 verbose gentlyRm don't care about contents; nuking C:\Users\LUIS\Desktop\Meteor Playground\meteor-react-example-noob\node_modules\.staging\nan-1e921d43
214 silly gentlyRm C:\Users\LUIS\Desktop\Meteor Playground\meteor-react-example-noob\node_modules\.staging\bcrypt-e9519466 is being purged from base C:\Users\LUIS\Desktop\Meteor Playground\meteor-react-example-noob
215 verbose gentlyRm don't care about contents; nuking C:\Users\LUIS\Desktop\Meteor Playground\meteor-react-example-noob\node_modules\.staging\bcrypt-e9519466
216 silly gunzTarPerm modes [ '777', '666' ]
217 silly gunzTarPerm modes [ '777', '666' ]
218 verbose tar unpack C:\Users\LUIS\AppData\Roaming\npm-cache\bcrypt\0.8.7\package.tgz
219 verbose tar unpacking to C:\Users\LUIS\Desktop\Meteor Playground\meteor-react-example-noob\node_modules\.staging\bcrypt-e9519466
220 silly gentlyRm C:\Users\LUIS\Desktop\Meteor Playground\meteor-react-example-noob\node_modules\.staging\bcrypt-e9519466 is being purged
221 verbose gentlyRm don't care about contents; nuking C:\Users\LUIS\Desktop\Meteor Playground\meteor-react-example-noob\node_modules\.staging\bcrypt-e9519466
222 silly gunzTarPerm modes [ '777', '666' ]
223 silly gunzTarPerm extractEntry package.json
224 silly gunzTarPerm modified mode [ 'package.json', 420, 438 ]
225 silly gunzTarPerm extractEntry package.json
226 silly gunzTarPerm modified mode [ 'package.json', 436, 438 ]
227 silly gunzTarPerm extractEntry package.json
228 silly gunzTarPerm modified mode [ 'package.json', 420, 438 ]
229 silly gunzTarPerm extractEntry README.md
230 silly gunzTarPerm modified mode [ 'README.md', 420, 438 ]
231 silly gunzTarPerm extractEntry bindings.js
232 silly gunzTarPerm modified mode [ 'bindings.js', 420, 438 ]
233 silly gunzTarPerm extractEntry README.md
234 silly gunzTarPerm modified mode [ 'README.md', 436, 438 ]
235 silly gunzTarPerm extractEntry include_dirs.js
236 silly gunzTarPerm modified mode [ 'include_dirs.js', 436, 438 ]
237 silly gunzTarPerm extractEntry .npmignore
238 silly gunzTarPerm modified mode [ '.npmignore', 420, 438 ]
239 silly gunzTarPerm extractEntry README.md
240 silly gunzTarPerm modified mode [ 'README.md', 420, 438 ]
241 silly gunzTarPerm extractEntry nan_converters.h
242 silly gunzTarPerm modified mode [ 'nan_converters.h', 436, 438 ]
243 silly gunzTarPerm extractEntry LICENSE.md
244 silly gunzTarPerm modified mode [ 'LICENSE.md', 436, 438 ]
245 silly gunzTarPerm extractEntry doc/node_misc.md
246 silly gunzTarPerm modified mode [ 'doc/node_misc.md', 436, 438 ]
247 silly gunzTarPerm extractEntry LICENSE
248 silly gunzTarPerm modified mode [ 'LICENSE', 420, 438 ]
249 silly gunzTarPerm extractEntry bcrypt.js
250 silly gunzTarPerm modified mode [ 'bcrypt.js', 420, 438 ]
251 silly gunzTarPerm extractEntry Makefile
252 silly gunzTarPerm modified mode [ 'Makefile', 420, 438 ]
253 silly gunzTarPerm extractEntry .travis.yml
254 silly gunzTarPerm modified mode [ '.travis.yml', 420, 438 ]
255 silly gunzTarPerm extractEntry CHANGELOG.md
256 silly gunzTarPerm modified mode [ 'CHANGELOG.md', 420, 438 ]
257 silly gunzTarPerm extractEntry binding.gyp
258 silly gunzTarPerm modified mode [ 'binding.gyp', 420, 438 ]
259 silly gunzTarPerm extractEntry examples/async_compare.js
260 silly gunzTarPerm modified mode [ 'examples/async_compare.js', 420, 438 ]
261 silly gunzTarPerm extractEntry examples/forever_gen_salt.js
262 silly gunzTarPerm modified mode [ 'examples/forever_gen_salt.js', 420, 438 ]
263 silly gunzTarPerm extractEntry test/async.js
264 silly gunzTarPerm modified mode [ 'test/async.js', 420, 438 ]
265 silly gunzTarPerm extractEntry test/repetitions.js
266 silly gunzTarPerm modified mode [ 'test/repetitions.js', 420, 438 ]
267 silly gunzTarPerm extractEntry test/sync.js
268 silly gunzTarPerm modified mode [ 'test/sync.js', 420, 438 ]
269 silly gunzTarPerm extractEntry ISSUE_TEMPLATE.md
270 silly gunzTarPerm modified mode [ 'ISSUE_TEMPLATE.md', 420, 438 ]
271 silly gunzTarPerm extractEntry src/bcrypt.cc
272 silly gunzTarPerm modified mode [ 'src/bcrypt.cc', 420, 438 ]
273 silly gunzTarPerm extractEntry src/bcrypt_node.cc
274 silly gunzTarPerm modified mode [ 'src/bcrypt_node.cc', 420, 438 ]
275 silly gunzTarPerm extractEntry src/blowfish.cc
276 silly gunzTarPerm modified mode [ 'src/blowfish.cc', 420, 438 ]
277 silly gunzTarPerm extractEntry src/node_blf.h
278 silly gunzTarPerm modified mode [ 'src/node_blf.h', 420, 438 ]
279 silly gunzTarPerm extractEntry werker.yml
280 silly gunzTarPerm modified mode [ 'werker.yml', 420, 438 ]
281 silly gunzTarPerm extractEntry doc/asyncworker.md
282 silly gunzTarPerm modified mode [ 'doc/asyncworker.md', 436, 438 ]
283 silly gunzTarPerm extractEntry doc/callback.md
284 silly gunzTarPerm modified mode [ 'doc/callback.md', 436, 438 ]
285 silly gunzTarPerm extractEntry doc/converters.md
286 silly gunzTarPerm modified mode [ 'doc/converters.md', 436, 438 ]
287 silly gunzTarPerm extractEntry doc/errors.md
288 silly gunzTarPerm modified mode [ 'doc/errors.md', 436, 438 ]
289 silly gunzTarPerm extractEntry doc/maybe_types.md
290 silly gunzTarPerm modified mode [ 'doc/maybe_types.md', 436, 438 ]
291 silly gunzTarPerm extractEntry doc/methods.md
292 silly gunzTarPerm modified mode [ 'doc/methods.md', 436, 438 ]
293 silly gunzTarPerm extractEntry doc/new.md
294 silly gunzTarPerm modified mode [ 'doc/new.md', 436, 438 ]
295 silly gentlyRm C:\Users\LUIS\Desktop\Meteor Playground\meteor-react-example-noob\node_modules\.staging\bindings-2c3821a4\node_modules is being purged
296 verbose gentlyRm don't care about contents; nuking C:\Users\LUIS\Desktop\Meteor Playground\meteor-react-example-noob\node_modules\.staging\bindings-2c3821a4\node_modules
297 silly gunzTarPerm extractEntry doc/buffers.md
298 silly gunzTarPerm modified mode [ 'doc/buffers.md', 436, 438 ]
299 silly gunzTarPerm extractEntry doc/object_wrappers.md
300 silly gunzTarPerm modified mode [ 'doc/object_wrappers.md', 436, 438 ]
301 silly gunzTarPerm extractEntry doc/persistent.md
302 silly gunzTarPerm modified mode [ 'doc/persistent.md', 436, 438 ]
303 silly gunzTarPerm extractEntry doc/scopes.md
304 silly gunzTarPerm modified mode [ 'doc/scopes.md', 436, 438 ]
305 silly gunzTarPerm extractEntry doc/script.md
306 silly gunzTarPerm modified mode [ 'doc/script.md', 436, 438 ]
307 silly gunzTarPerm extractEntry doc/string_bytes.md
308 silly gunzTarPerm modified mode [ 'doc/string_bytes.md', 436, 438 ]
309 silly gunzTarPerm extractEntry doc/v8_internals.md
310 silly gunzTarPerm modified mode [ 'doc/v8_internals.md', 436, 438 ]
311 silly gunzTarPerm extractEntry doc/v8_misc.md
312 silly gunzTarPerm modified mode [ 'doc/v8_misc.md', 436, 438 ]
313 silly gunzTarPerm extractEntry nan.h
314 silly gunzTarPerm modified mode [ 'nan.h', 436, 438 ]
315 silly gunzTarPerm extractEntry nan_callbacks.h
316 silly gunzTarPerm modified mode [ 'nan_callbacks.h', 436, 438 ]
317 silly gunzTarPerm extractEntry nan_callbacks_12_inl.h
318 silly gunzTarPerm modified mode [ 'nan_callbacks_12_inl.h', 436, 438 ]
319 silly gunzTarPerm extractEntry nan_callbacks_pre_12_inl.h
320 silly gunzTarPerm modified mode [ 'nan_callbacks_pre_12_inl.h', 436, 438 ]
321 silly gunzTarPerm extractEntry nan_converters_43_inl.h
322 silly gunzTarPerm modified mode [ 'nan_converters_43_inl.h', 436, 438 ]
323 silly gunzTarPerm extractEntry nan_converters_pre_43_inl.h
324 silly gunzTarPerm modified mode [ 'nan_converters_pre_43_inl.h', 436, 438 ]
325 silly gunzTarPerm extractEntry nan_implementation_12_inl.h
326 silly gunzTarPerm modified mode [ 'nan_implementation_12_inl.h', 436, 438 ]
327 silly gunzTarPerm extractEntry nan_implementation_pre_12_inl.h
328 silly gunzTarPerm modified mode [ 'nan_implementation_pre_12_inl.h', 436, 438 ]
329 silly gunzTarPerm extractEntry nan_maybe_43_inl.h
330 silly gunzTarPerm modified mode [ 'nan_maybe_43_inl.h', 436, 438 ]
331 silly gunzTarPerm extractEntry nan_maybe_pre_43_inl.h
332 silly gunzTarPerm modified mode [ 'nan_maybe_pre_43_inl.h', 436, 438 ]
333 silly gunzTarPerm extractEntry nan_new.h
334 silly gunzTarPerm modified mode [ 'nan_new.h', 436, 438 ]
335 silly gunzTarPerm extractEntry nan_object_wrap.h
336 silly gunzTarPerm modified mode [ 'nan_object_wrap.h', 436, 438 ]
337 silly gunzTarPerm extractEntry nan_persistent_12_inl.h
338 silly gunzTarPerm modified mode [ 'nan_persistent_12_inl.h', 436, 438 ]
339 silly gunzTarPerm extractEntry nan_persistent_pre_12_inl.h
340 silly gunzTarPerm modified mode [ 'nan_persistent_pre_12_inl.h', 436, 438 ]
341 silly gunzTarPerm extractEntry nan_string_bytes.h
342 silly gunzTarPerm modified mode [ 'nan_string_bytes.h', 436, 438 ]
343 silly gunzTarPerm extractEntry nan_typedarray_contents.h
344 silly gunzTarPerm modified mode [ 'nan_typedarray_contents.h', 436, 438 ]
345 silly gunzTarPerm extractEntry nan_weak.h
346 silly gunzTarPerm modified mode [ 'nan_weak.h', 436, 438 ]
347 silly gunzTarPerm extractEntry CHANGELOG.md
348 silly gunzTarPerm modified mode [ 'CHANGELOG.md', 436, 438 ]
349 silly gunzTarPerm extractEntry tools/package.json
350 silly gunzTarPerm modified mode [ 'tools/package.json', 436, 438 ]
351 silly gunzTarPerm extractEntry tools/README.md
352 silly gunzTarPerm modified mode [ 'tools/README.md', 436, 438 ]
353 silly gunzTarPerm extractEntry tools/1to2.js
354 silly gunzTarPerm modified mode [ 'tools/1to2.js', 509, 511 ]
355 silly gentlyRm C:\Users\LUIS\Desktop\Meteor Playground\meteor-react-example-noob\node_modules\.staging\bcrypt-e9519466\node_modules is being purged
356 verbose gentlyRm don't care about contents; nuking C:\Users\LUIS\Desktop\Meteor Playground\meteor-react-example-noob\node_modules\.staging\bcrypt-e9519466\node_modules
357 silly gentlyRm C:\Users\LUIS\Desktop\Meteor Playground\meteor-react-example-noob\node_modules\.staging\nan-1e921d43\node_modules is being purged
358 verbose gentlyRm don't care about contents; nuking C:\Users\LUIS\Desktop\Meteor Playground\meteor-react-example-noob\node_modules\.staging\nan-1e921d43\node_modules
359 silly doParallel preinstall 3
360 silly preinstall bindings@1.2.1 C:\Users\LUIS\Desktop\Meteor Playground\meteor-react-example-noob\node_modules\.staging\bindings-2c3821a4
361 info lifecycle bindings@1.2.1~preinstall: bindings@1.2.1
362 silly preinstall nan@2.3.5 C:\Users\LUIS\Desktop\Meteor Playground\meteor-react-example-noob\node_modules\.staging\nan-1e921d43
363 info lifecycle nan@2.3.5~preinstall: nan@2.3.5
364 silly preinstall bcrypt@0.8.7 C:\Users\LUIS\Desktop\Meteor Playground\meteor-react-example-noob\node_modules\.staging\bcrypt-e9519466
365 info lifecycle bcrypt@0.8.7~preinstall: bcrypt@0.8.7
366 silly lifecycle bindings@1.2.1~preinstall: no script for preinstall, continuing
367 silly lifecycle nan@2.3.5~preinstall: no script for preinstall, continuing
368 silly lifecycle bcrypt@0.8.7~preinstall: no script for preinstall, continuing
369 silly doReverseSerial remove 0
370 silly doSerial move 0
371 silly doSerial finalize 3
372 silly finalize C:\Users\LUIS\Desktop\Meteor Playground\meteor-react-example-noob\node_modules\bindings
373 silly finalize C:\Users\LUIS\Desktop\Meteor Playground\meteor-react-example-noob\node_modules\nan
374 silly finalize C:\Users\LUIS\Desktop\Meteor Playground\meteor-react-example-noob\node_modules\bcrypt
375 silly doSerial build 3
376 silly build bindings@1.2.1
377 info linkStuff bindings@1.2.1
378 silly linkStuff bindings@1.2.1 has C:\Users\LUIS\Desktop\Meteor Playground\meteor-react-example-noob\node_modules as its parent node_modules
379 verbose linkBins bindings@1.2.1
380 verbose linkMans bindings@1.2.1
381 silly build nan@2.3.5
382 info linkStuff nan@2.3.5
383 silly linkStuff nan@2.3.5 has C:\Users\LUIS\Desktop\Meteor Playground\meteor-react-example-noob\node_modules as its parent node_modules
384 verbose linkBins nan@2.3.5
385 verbose linkMans nan@2.3.5
386 silly build bcrypt@0.8.7
387 info linkStuff bcrypt@0.8.7
388 silly linkStuff bcrypt@0.8.7 has C:\Users\LUIS\Desktop\Meteor Playground\meteor-react-example-noob\node_modules as its parent node_modules
389 verbose linkBins bcrypt@0.8.7
390 verbose linkMans bcrypt@0.8.7
391 silly doSerial global-link 0
392 silly doParallel update-linked 0
393 silly doSerial install 3
394 silly install bindings@1.2.1 C:\Users\LUIS\Desktop\Meteor Playground\meteor-react-example-noob\node_modules\.staging\bindings-2c3821a4
395 info lifecycle bindings@1.2.1~install: bindings@1.2.1
396 silly lifecycle bindings@1.2.1~install: no script for install, continuing
397 silly install nan@2.3.5 C:\Users\LUIS\Desktop\Meteor Playground\meteor-react-example-noob\node_modules\.staging\nan-1e921d43
398 info lifecycle nan@2.3.5~install: nan@2.3.5
399 silly lifecycle nan@2.3.5~install: no script for install, continuing
400 silly install bcrypt@0.8.7 C:\Users\LUIS\Desktop\Meteor Playground\meteor-react-example-noob\node_modules\.staging\bcrypt-e9519466
401 info lifecycle bcrypt@0.8.7~install: bcrypt@0.8.7
402 verbose lifecycle bcrypt@0.8.7~install: unsafe-perm in lifecycle true
403 verbose lifecycle bcrypt@0.8.7~install: PATH: C:\Users\LUIS\AppData\Local\.meteor\packages\meteor-tool\1.4.1\mt-os.windows.x86_32\dev_bundle\lib\node_modules\npm\bin\node-gyp-bin;C:\Users\LUIS\Desktop\Meteor Playground\meteor-react-example-noob\node_modules\bcrypt\node_modules\.bin;C:\Users\LUIS\Desktop\Meteor Playground\meteor-react-example-noob\node_modules\.bin;C:\Users\LUIS\AppData\Local\.meteor\packages\meteor-tool\1.4.1\mt-os.windows.x86_32\dev_bundle\bin;C:\Users\LUIS\AppData\Local\.meteor\packages\meteor-tool\1.4.1\mt-os.windows.x86_32\dev_bundle\lib\node_modules\.bin;C:\Program Files (x86)\NVIDIA Corporation\PhysX\Common;C:\Program Files (x86)\Intel\iCLS Client\;C:\Program Files\Intel\iCLS Client\;C:\WINDOWS\system32;C:\WINDOWS;C:\WINDOWS\System32\Wbem;C:\WINDOWS\System32\WindowsPowerShell\v1.0\;C:\Program Files\Intel\Intel(R) Management Engine Components\DAL;C:\Program Files\Intel\Intel(R) Management Engine Components\IPT;C:\Program Files (x86)\Intel\Intel(R) Management Engine Components\DAL;C:\Program Files (x86)\Intel\Intel(R) Management Engine Components\IPT;C:\Program Files (x86)\Intel\OpenCL SDK\3.0\bin\x86;C:\Program Files (x86)\Intel\OpenCL SDK\3.0\bin\x64;C:\Program Files (x86)\Windows Kits\8.1\Windows Performance Toolkit\;C:\Program Files\Microsoft SQL Server\110\Tools\Binn\;C:\PROGRA~2\PICC;C:\Program Files (x86)\nodejs\;C:\Program Files (x86)\Git\cmd;C:\Program Files (x86)\Git\bin;C:\Program Files\MySQL\MySQL Enterprise Backup 3.12\;C:\Program Files (x86)\MySQL\MySQL Fabric 1.5.4 & MySQL Utilities 1.5.4 1.5\;C:\Program Files (x86)\MySQL\MySQL Fabric 1.5.4 & MySQL Utilities 1.5.4 1.5\Doctrine extensions for PHP\;c:\python34;D:\CASSANDRA\apache-cassandra-2.1.7\bin;C:\Go\bin;C:\Program Files\SQL Anywhere 12\bin64;C:\Program Files\SQL Anywhere 12\bin32;C:\Program Files (x86)\Sybase\Shared\PowerBuilder;C:\Program Files (x86)\Sybase\PowerBuilder 12.5;C:\WINDOWS\Microsoft.NET\Framework\v4.0.30319;C:\Python34\Scripts;C:\Users\LUIS\AppData\Roaming\npm;c:\Go\bin;C:\Program Files (x86)\Rational\Common;C:\Program Files (x86)\Nmap;C:\Users\LUIS\AppData\Local\.meteor\
404 verbose lifecycle bcrypt@0.8.7~install: CWD: C:\Users\LUIS\Desktop\Meteor Playground\meteor-react-example-noob\node_modules\bcrypt
405 silly lifecycle bcrypt@0.8.7~install: Args: [ '/d /s /c', 'node-gyp rebuild' ]
406 silly lifecycle bcrypt@0.8.7~install: Returned: code: 1  signal: null
407 info lifecycle bcrypt@0.8.7~install: Failed to exec install script
408 verbose unlock done using C:\Users\LUIS\AppData\Roaming\npm-cache\_locks\staging-6d3a20dc605fb7bb.lock for C:\Users\LUIS\Desktop\Meteor Playground\meteor-react-example-noob\node_modules\.staging
409 silly rollbackFailedOptional Starting
410 silly rollbackFailedOptional Finishing
411 silly runTopLevelLifecycles Starting
412 silly runTopLevelLifecycles Finishing
413 silly install printInstalled
414 verbose stack Error: bcrypt@0.8.7 install: `node-gyp rebuild`
414 verbose stack Exit status 1
414 verbose stack     at EventEmitter.<anonymous> (C:\Users\LUIS\AppData\Local\.meteor\packages\meteor-tool\1.4.1\mt-os.windows.x86_32\dev_bundle\lib\node_modules\npm\lib\utils\lifecycle.js:255:16)
414 verbose stack     at emitTwo (events.js:87:13)
414 verbose stack     at EventEmitter.emit (events.js:172:7)
414 verbose stack     at ChildProcess.<anonymous> (C:\Users\LUIS\AppData\Local\.meteor\packages\meteor-tool\1.4.1\mt-os.windows.x86_32\dev_bundle\lib\node_modules\npm\lib\utils\spawn.js:40:14)
414 verbose stack     at emitTwo (events.js:87:13)
414 verbose stack     at ChildProcess.emit (events.js:172:7)
414 verbose stack     at maybeClose (internal/child_process.js:829:16)
414 verbose stack     at Process.ChildProcess._handle.onexit (internal/child_process.js:211:5)
415 verbose pkgid bcrypt@0.8.7
416 verbose cwd C:\Users\LUIS\Desktop\Meteor Playground\meteor-react-example-noob
417 error Windows_NT 6.3.9600
418 error argv "C:\\Users\\LUIS\\AppData\\Local\\.meteor\\packages\\meteor-tool\\1.4.1\\mt-os.windows.x86_32\\dev_bundle\\bin\\node.exe" "C:\\Users\\LUIS\\AppData\\Local\\.meteor\\packages\\meteor-tool\\1.4.1\\mt-os.windows.x86_32\\dev_bundle\\lib\\node_modules\\npm\\bin\\npm-cli.js" "install" "--save" "bcrypt"
419 error node v4.5.0
420 error npm  v3.10.6
421 error code ELIFECYCLE
422 error bcrypt@0.8.7 install: `node-gyp rebuild`
422 error Exit status 1
423 error Failed at the bcrypt@0.8.7 install script 'node-gyp rebuild'.
423 error Make sure you have the latest version of node.js and npm installed.
423 error If you do, this is most likely a problem with the bcrypt package,
423 error not with npm itself.
423 error Tell the author that this fails on your system:
423 error     node-gyp rebuild
423 error You can get information on how to open an issue for this project with:
423 error     npm bugs bcrypt
423 error Or if that isn't available, you can get their info via:
423 error     npm owner ls bcrypt
423 error There is likely additional logging output above.
424 verbose exit [ 1, true ]
